<?xml version="1.0" encoding="UTF-8"?>
<!-- Generated by org.testng.reporters.JUnitReportReporter -->
<testsuite hostname="sapna-testlead" name="com.qa.mobileapp.tests.PatientTests" tests="16" failures="0" timestamp="1 May 2016 22:38:39 GMT" time="115.509" errors="0">
  <testcase name="TC_05_testVerifyAddPatientButtonVisibilityOnPatientListing" time="3.522" classname="com.qa.mobileapp.tests.PatientTests"/>
  <testcase name="TC_09_testVerifyOnPatientDetailsScreenFeedbackLinkVisiblity" time="6.137" classname="com.qa.mobileapp.tests.PatientTests"/>
  <testcase name="TC_07_testVerifyOnPatientDetailsScreenPatientDetailsVisiblity" time="6.445" classname="com.qa.mobileapp.tests.PatientTests"/>
  <testcase name="TC_14_testVerifyAddPatientScreenVisiblity" time="6.171" classname="com.qa.mobileapp.tests.PatientTests"/>
  <testcase name="TC_06_testVerifyOnTapPatientNamePatientDetailsScreenVisiblity" time="6.160" classname="com.qa.mobileapp.tests.PatientTests"/>
  <testcase name="TC_10_testVerifyOnPatientDetailsScreenRefreshImageVisiblity" time="5.636" classname="com.qa.mobileapp.tests.PatientTests"/>
  <testcase name="testVerifyPatientDetailsScreenVisibilty" time="5.098" classname="com.qa.mobileapp.tests.PatientTests"/>
  <testcase name="TC_13_testVerifyFeedbackScreenVisiblity" time="9.416" classname="com.qa.mobileapp.tests.PatientTests"/>
  <testcase name="TC_04_testVerifyRefreshButtonVisibilityOnPatientListing" time="3.513" classname="com.qa.mobileapp.tests.PatientTests"/>
  <testcase name="TC_12_testVerifyReferServiceScreenVisiblity" time="9.263" classname="com.qa.mobileapp.tests.PatientTests"/>
  <testcase name="TC_02_testVerifyPatientDetailsVisiblity" time="4.352" classname="com.qa.mobileapp.tests.PatientTests"/>
  <testcase name="TC_08_testVerifyOnPatientDetailsScreenReferAServiceLinkVisiblity" time="6.213" classname="com.qa.mobileapp.tests.PatientTests"/>
  <testcase name="testVerifySubscribedPackageDetailsVisibilty" time="26.962" classname="com.qa.mobileapp.tests.PatientTests"/>
  <testcase name="TC_03_testVerifySearchButtonVisibilityOnPatientListing" time="3.458" classname="com.qa.mobileapp.tests.PatientTests"/>
  <testcase name="TC_01_testVerifyOnClickPatientNavBarPatientListVisibilty" time="4.221" classname="com.qa.mobileapp.tests.PatientTests"/>
  <testcase name="TC_11_testVerifyMenuOptionsOnPatientListingVisiblity" time="8.942" classname="com.qa.mobileapp.tests.PatientTests"/>
</testsuite>
