<?xml version="1.0" encoding="UTF-8"?>
<!-- Generated by org.testng.reporters.JUnitReportReporter -->
<testsuite hostname="sapna-testlead" name="com.qa.mobileapp.tests.ReportTests" tests="3" failures="0" timestamp="1 May 2016 22:38:39 GMT" time="36.718" errors="0">
  <testcase name="tc_06_testVerifyCancelBtn" time="7.668" classname="com.qa.mobileapp.tests.ReportTests"/>
  <testcase name="tc_03_testVerfyCnclnContinueBtn" time="8.156" classname="com.qa.mobileapp.tests.ReportTests"/>
  <testcase name="tc_02_testVerifyTimingLeaveAppointment" time="20.894" classname="com.qa.mobileapp.tests.ReportTests"/>
</testsuite>
