<?xml version="1.0" encoding="UTF-8"?>
<!-- Generated by org.testng.reporters.JUnitReportReporter -->
<testsuite hostname="sapna-testlead" name="com.qa.mobileapp.tests.LogOutTests" tests="3" failures="0" timestamp="1 May 2016 22:38:39 GMT" time="24.920" errors="0">
  <testcase name="TC_03_testVerifyCancelLogout" time="11.829" classname="com.qa.mobileapp.tests.LogOutTests"/>
  <testcase name="TC_02_testVerifyLogoutMessagePopupScreenVisibilty" time="7.469" classname="com.qa.mobileapp.tests.LogOutTests"/>
  <testcase name="TC_01_testLogOutNavBarVisibilty" time="5.622" classname="com.qa.mobileapp.tests.LogOutTests"/>
</testsuite>
