<?xml version="1.0" encoding="UTF-8"?>
<!-- Generated by org.testng.reporters.JUnitReportReporter -->
<testsuite hostname="sapna-testlead" name="com.qa.mobileapp.tests.ProfileTests" tests="4" failures="0" timestamp="1 May 2016 22:38:39 GMT" time="16.636" errors="0">
  <testcase name="TS_02_testVerifyRefreshButtonVisiblity" time="3.328" classname="com.qa.mobileapp.tests.ProfileTests"/>
  <testcase name="TS_05_testVerifyProfessionalCashInHandPendingVerificationVisiblity" time="5.514" classname="com.qa.mobileapp.tests.ProfileTests"/>
  <testcase name="TS_01_testVerifyProfessionalDetailsVisiblity" time="4.542" classname="com.qa.mobileapp.tests.ProfileTests"/>
  <testcase name="TS_03_testVerifyEditButtonVisiblity" time="3.252" classname="com.qa.mobileapp.tests.ProfileTests"/>
</testsuite>
