<?xml version="1.0" encoding="UTF-8"?>
<!-- Generated by org.testng.reporters.JUnitReportReporter -->
<testsuite hostname="sapna-testlead" name="com.qa.mobileapp.tests.AppointmentTests" tests="43" failures="0" timestamp="1 May 2016 22:38:39 GMT" time="636.070" errors="0">
  <testcase name="TC_06_testVerifyAllAppointmentsOptionVisiblity" time="5.861" classname="com.qa.mobileapp.tests.AppointmentTests"/>
  <testcase name="TC_25_testVerifyOnTabFabButtonPayOptionsVisiblity" time="10.106" classname="com.qa.mobileapp.tests.AppointmentTests"/>
  <testcase name="TC_03_testVerifyTodaysAppointmentListVisibility" time="14.971" classname="com.qa.mobileapp.tests.AppointmentTests"/>
  <testcase name="TC_02_testVerifyTodayTabVisibiltyOnAppointmentScreen" time="4.479" classname="com.qa.mobileapp.tests.AppointmentTests"/>
  <testcase name="TC_02_testVerifyUpcomingTabVisibiltyOnAppointmentScreen" time="4.460" classname="com.qa.mobileapp.tests.AppointmentTests"/>
  <testcase name="TC_20_testOnTapMenuOptionCheckVitalCheckVitalsScreenVisibilty" time="12.392" classname="com.qa.mobileapp.tests.AppointmentTests"/>
  <testcase name="TC_21_testViewVitalsScreenVisibilty" time="22.593" classname="com.qa.mobileapp.tests.AppointmentTests"/>
  <testcase name="TC_07_testVerifyPatientDetailsVisiblity" time="9.168" classname="com.qa.mobileapp.tests.AppointmentTests"/>
  <testcase name="TC_09_testVerifyOnPendingAppointmentConfirmButtonVisiblity" time="4.916" classname="com.qa.mobileapp.tests.AppointmentTests"/>
  <testcase name="TC_35_testVerifyWalletBalanceSendOTPLinkVisibilty" time="24.060" classname="com.qa.mobileapp.tests.AppointmentTests"/>
  <testcase name="TC_42_testVerifyAddDocumentScreenElementsVisiblity" time="12.231" classname="com.qa.mobileapp.tests.AppointmentTests"/>
  <testcase name="TC_22_testVerifyOnTabFabButtonAddAppointmentOptionsVisiblity" time="10.199" classname="com.qa.mobileapp.tests.AppointmentTests"/>
  <testcase name="TC_38_testVerifyOnTapCaseFabButtonCaseDetailsAndAddCaseOptionsVisibilty" time="12.462" classname="com.qa.mobileapp.tests.AppointmentTests"/>
  <testcase name="TC_02_testVerifyPastTabVisibiltyOnAppointmentScreen" time="4.464" classname="com.qa.mobileapp.tests.AppointmentTests"/>
  <testcase name="TC_01_testVerifyAppointmentScreenVisiblity" time="4.935" classname="com.qa.mobileapp.tests.AppointmentTests"/>
  <testcase name="TC_23_testVerifyOnTabFabButtonAddCaseOptionsVisiblity" time="10.353" classname="com.qa.mobileapp.tests.AppointmentTests"/>
  <testcase name="TC_13_testOnTapPatientNameAppointmentDetailsScreenVisibilty" time="7.575" classname="com.qa.mobileapp.tests.AppointmentTests"/>
  <testcase name="TC_29_testVerifyOnTabFabButtonPayOptionsPaymentScreenVisiblity" time="12.830" classname="com.qa.mobileapp.tests.AppointmentTests"/>
  <testcase name="TC_27_testVerifyOnTabFabButtonAddCaseOptionsCaseDetailsScreenVisiblity" time="12.409" classname="com.qa.mobileapp.tests.AppointmentTests"/>
  <testcase name="TC_15_testOnAppointmentDetailsScreenPaymentTabVisibilty" time="7.568" classname="com.qa.mobileapp.tests.AppointmentTests"/>
  <testcase name="TC_19_testOnAppointmentDetailsScreenMenuViewVitalsOptionVisibilty" time="9.977" classname="com.qa.mobileapp.tests.AppointmentTests"/>
  <testcase name="TC_36_testVerifyEnterAmountOnlineEmailIdMobileNoSendLinkVisibilty" time="33.439" classname="com.qa.mobileapp.tests.AppointmentTests"/>
  <testcase name="TC_33_testVerifyOnEnterChequeAmountIssueBankDetailsTextboxVisibilty" time="19.658" classname="com.qa.mobileapp.tests.AppointmentTests"/>
  <testcase name="TC_31_testVerifyOnPayScreenCashAndOnlineTabsVisiblity" time="13.697" classname="com.qa.mobileapp.tests.AppointmentTests"/>
  <testcase name="testVerifyPatientDetailsVisibilty" time="10.454" classname="com.qa.mobileapp.tests.AppointmentTests"/>
  <testcase name="TC_43_testVerifyForConfirmedApptAddApptRescheduleCallToCancelReachedfabOptionsVisiblity" time="11.816" classname="com.qa.mobileapp.tests.AppointmentTests"/>
  <testcase name="TC_39_testVerifyOnTapAddCaseButtonAlertWindowWithYesNoOptionVisibilty" time="14.631" classname="com.qa.mobileapp.tests.AppointmentTests"/>
  <testcase name="TC_011_testVerifyClosedAppointmentsOptionVisiblity" time="5.983" classname="com.qa.mobileapp.tests.AppointmentTests"/>
  <testcase name="TC_37_testVerifyOnAddAppointmentScreenCurrentMonthYearVisibilty" time="22.982" classname="com.qa.mobileapp.tests.AppointmentTests"/>
  <testcase name="TC_17_testOnAppointmentDetailsScreenMenuOptionVisibilty" time="7.575" classname="com.qa.mobileapp.tests.AppointmentTests"/>
  <testcase name="TC_26_testVerifyOnTabFabButtonAddAppointmentOptionsAddAppointmentScreenVisiblity" time="21.880" classname="com.qa.mobileapp.tests.AppointmentTests"/>
  <testcase name="TC_30_testVerifyOnTabFabButtonAddAppointmentAddAppointmentDetailsScreenVisiblity" time="64.632" classname="com.qa.mobileapp.tests.AppointmentTests"/>
  <testcase name="TC_40_testVerifyOnTapYesForAddCaseRedirectToPhysioApp" time="16.227" classname="com.qa.mobileapp.tests.AppointmentTests"/>
  <testcase name="TC_04_testVerifyUpcomingAppointmentListVisibility" time="14.972" classname="com.qa.mobileapp.tests.AppointmentTests"/>
  <testcase name="TC_14_testOnAppointmentDetailsScreenPatientTabVisibilty" time="7.627" classname="com.qa.mobileapp.tests.AppointmentTests"/>
  <testcase name="TC_32_testVerifyOnCashPaymentScreenCashAndChequeOptionsVisiblity" time="12.498" classname="com.qa.mobileapp.tests.AppointmentTests"/>
  <testcase name="TC_41_testVerifyOnTapNOForRedirectToCaseScreen" time="19.283" classname="com.qa.mobileapp.tests.AppointmentTests"/>
  <testcase name="TC_18_testOnAppointmentDetailsScreenMenuCheckVitalsOptionVisibilty" time="9.913" classname="com.qa.mobileapp.tests.AppointmentTests"/>
  <testcase name="TC_012_testVerifyOpenAppointmentsOptionVisiblity" time="5.854" classname="com.qa.mobileapp.tests.AppointmentTests"/>
  <testcase name="TC_16_testOnAppointmentDetailsScreenAppointmentTabVisibilty" time="7.759" classname="com.qa.mobileapp.tests.AppointmentTests"/>
  <testcase name="TC_24_testVerifyOnTabFabButtonUploadOptionsVisiblity" time="9.836" classname="com.qa.mobileapp.tests.AppointmentTests"/>
  <testcase name="TC_28_testVerifyOnTabFabButtonUploadOptionsAddDocumentPopUpVisiblity" time="72.194" classname="com.qa.mobileapp.tests.AppointmentTests"/>
  <testcase name="TC_05_testVerifyPastAppointmentListVisibility" time="15.151" classname="com.qa.mobileapp.tests.AppointmentTests"/>
</testsuite>
