<?xml version="1.0" encoding="UTF-8"?>
<!-- Generated by org.testng.reporters.JUnitReportReporter -->
<testsuite hostname="sapna-testlead" name="com.qa.mobileapp.tests.FeedbackTests" tests="2" failures="0" timestamp="1 May 2016 22:38:39 GMT" time="14.526" errors="0">
  <testcase name="testVerifyFeedBackScreenVisiblity" time="7.167" classname="com.qa.mobileapp.tests.FeedbackTests"/>
  <testcase name="testVerifySearchButtonVisibilty" time="7.359" classname="com.qa.mobileapp.tests.FeedbackTests"/>
</testsuite>
