<?xml version="1.0" encoding="UTF-8"?>
<!-- Generated by org.testng.reporters.JUnitReportReporter -->
<testsuite hostname="sapna-testlead" name="com.qa.mobileapp.tests.LeaveTests" tests="7" failures="0" timestamp="1 May 2016 22:38:39 GMT" time="66.424" errors="0">
  <testcase name="TC_02testVerifyApplyButtonVisiblity" time="4.428" classname="com.qa.mobileapp.tests.LeaveTests"/>
  <testcase name="TC_01testVerifyLeaveScreenVisiblity" time="6.445" classname="com.qa.mobileapp.tests.LeaveTests"/>
  <testcase name="TC_07testApplybuttonTapVisiblity" time="22.653" classname="com.qa.mobileapp.tests.LeaveTests"/>
  <testcase name="TC_05testVerifyOvertimescreenVisiblity" time="6.730" classname="com.qa.mobileapp.tests.LeaveTests"/>
  <testcase name="TC_03testVerifyHolidayTabVisiblity" time="9.604" classname="com.qa.mobileapp.tests.LeaveTests"/>
  <testcase name="TC_04testVerifyLeavesTabVisiblity" time="9.809" classname="com.qa.mobileapp.tests.LeaveTests"/>
  <testcase name="TC_06testApplybuttonVisiblity" time="6.755" classname="com.qa.mobileapp.tests.LeaveTests"/>
</testsuite>
