<?xml version="1.0" encoding="UTF-8"?>
<!-- Generated by org.testng.reporters.JUnitReportReporter -->
<testsuite hostname="sapna-testlead" name="com.qa.mobileapp.tests.CasefileTests$CalendarTests" tests="1" failures="0" timestamp="1 May 2016 22:38:39 GMT" time="22.635" errors="0">
  <testcase name="testVerifyCasefileScreenVisiblity" time="22.635" classname="com.qa.mobileapp.tests.CasefileTests$CalendarTests"/>
</testsuite>
