<?xml version="1.0" encoding="UTF-8"?>
<!-- Generated by org.testng.reporters.JUnitReportReporter -->
<testsuite hostname="sapna-testlead" name="com.qa.mobileapp.tests.ForgotPasswordTests" tests="4" failures="0" timestamp="1 May 2016 22:38:39 GMT" time="7.717" errors="0">
  <testcase name="TC_05_testVerifySendOTPButtonVisiblity" time="1.388" classname="com.qa.mobileapp.tests.ForgotPasswordTests"/>
  <testcase name="TC_04_testVerifyEnterMobileNoFieldVisiblity" time="1.411" classname="com.qa.mobileapp.tests.ForgotPasswordTests"/>
  <testcase name="TC_02_EnterMobileNoLabelVisiblity" time="1.406" classname="com.qa.mobileapp.tests.ForgotPasswordTests"/>
  <testcase name="TC_01_ForgotPasswordScreenVisiblity" time="3.512" classname="com.qa.mobileapp.tests.ForgotPasswordTests"/>
</testsuite>
