<?xml version="1.0" encoding="UTF-8"?>
<!-- Generated by org.testng.reporters.JUnitReportReporter -->
<testsuite hostname="sapna-testlead" name="com.qa.mobileapp.tests.PaymentTests" tests="9" failures="0" timestamp="1 May 2016 22:38:39 GMT" time="54.859" errors="0">
  <testcase name="TC_06_testVerifyDepositButtonVisiblityOnSelectingCheckBox" time="4.661" classname="com.qa.mobileapp.tests.PaymentTests"/>
  <testcase name="TC_03_testVerifyRefreshButtonVisiblity" time="4.430" classname="com.qa.mobileapp.tests.PaymentTests"/>
  <testcase name="TC_07_testVerifyBranchCityAndNotesFieldVisiblityOnDepositScreen" time="9.345" classname="com.qa.mobileapp.tests.PaymentTests"/>
  <testcase name="TC_09_testVerifyDepositButtonVisiblityOnDepositScreen" time="9.421" classname="com.qa.mobileapp.tests.PaymentTests"/>
  <testcase name="TC_04_testVerifyAmountTypeUserAndDateFieldVisibiltyOnCashInHandTab" time="4.402" classname="com.qa.mobileapp.tests.PaymentTests"/>
  <testcase name="TC_02_testVerifyCashInHandANDDepositedTabVisiblity" time="4.475" classname="com.qa.mobileapp.tests.PaymentTests"/>
  <testcase name="TC_08_testVerifyOnClickDepositButtonDepositScreenVisiblity" time="9.261" classname="com.qa.mobileapp.tests.PaymentTests"/>
  <testcase name="TC_01_testVerifyPaymentScreenVisiblity" time="4.426" classname="com.qa.mobileapp.tests.PaymentTests"/>
  <testcase name="TC_05_testVerifyCheckBoxOnCashInHandTab" time="4.438" classname="com.qa.mobileapp.tests.PaymentTests"/>
</testsuite>
