<?xml version="1.0" encoding="UTF-8"?>
<!-- Generated by org.testng.reporters.JUnitReportReporter -->
<testsuite hostname="sapna-testlead" name="com.qa.mobileapp.tests.DashboardTests" tests="31" failures="0" timestamp="1 May 2016 22:38:39 GMT" time="127.675" errors="0">
  <testcase name="TC_24_testVerifyCampsNavVisibility" time="2.352" classname="com.qa.mobileapp.tests.DashboardTests"/>
  <testcase name="TC_20_testVerifyLeavesNavVisibility" time="2.304" classname="com.qa.mobileapp.tests.DashboardTests"/>
  <testcase name="TC_08_testVerifyClincianCashInHandVisibility" time="2.231" classname="com.qa.mobileapp.tests.DashboardTests"/>
  <testcase name="TC_07_testVerifyClincianProfessionVisibility" time="1.209" classname="com.qa.mobileapp.tests.DashboardTests"/>
  <testcase name="TC_15_testVerifyOnTapCalendarNavCalendarScreenVisibility" time="4.900" classname="com.qa.mobileapp.tests.DashboardTests"/>
  <testcase name="TC_17_testVerifyOnTapPaymentNavPaymentsScreenVisibility" time="4.481" classname="com.qa.mobileapp.tests.DashboardTests"/>
  <testcase name="TC_05_testVerifyOnTopDashboardNavVisibilty" time="0.030" classname="com.qa.mobileapp.tests.DashboardTests"/>
  <testcase name="TC_26_testVerifyAlertsNavVisibility" time="2.286" classname="com.qa.mobileapp.tests.DashboardTests"/>
  <testcase name="TC_06_testVerifyClincianNameVisibility" time="2.246" classname="com.qa.mobileapp.tests.DashboardTests"/>
  <testcase name="TC_32_testVerifyLogoutNavVisibility" time="6.078" classname="com.qa.mobileapp.tests.DashboardTests"/>
  <testcase name="TC_10_testVerifyAppointmentNavVisibility" time="1.287" classname="com.qa.mobileapp.tests.DashboardTests"/>
  <testcase name="TC_11_testVerifyOnTapAppointmentNavAppointmentScreenVisibility" time="4.074" classname="com.qa.mobileapp.tests.DashboardTests"/>
  <testcase name="TC_25_testVerifyOnTapCampNavCampScreenVisibility" time="4.485" classname="com.qa.mobileapp.tests.DashboardTests"/>
  <testcase name="TC_19_testVerifyOnTapCaseFileNavCaseFilesScreenVisibility" time="4.483" classname="com.qa.mobileapp.tests.DashboardTests"/>
  <testcase name="TC_18_testVerifyCaseFileNavVisibility" time="2.215" classname="com.qa.mobileapp.tests.DashboardTests"/>
  <testcase name="TC_09_testVerifyClincianWorkingHrsVisibility" time="2.218" classname="com.qa.mobileapp.tests.DashboardTests"/>
  <testcase name="TC_28_testVerifyReferPatientNavVisibility" time="7.494" classname="com.qa.mobileapp.tests.DashboardTests"/>
  <testcase name="TC_21_testVerifyOnTapLeaveNavLeavesScreenVisibility" time="4.497" classname="com.qa.mobileapp.tests.DashboardTests"/>
  <testcase name="TC_01_testVerifyCheckInStatusVisibilityOnDashboardScreen" time="0.019" classname="com.qa.mobileapp.tests.DashboardTests"/>
  <testcase name="TC_23_testVerifyOnTapReportsNavReportsScreenVisibility" time="9.404" classname="com.qa.mobileapp.tests.DashboardTests"/>
  <testcase name="TC_04_testVerifyProfileScreenVisibility" time="3.844" classname="com.qa.mobileapp.tests.DashboardTests"/>
  <testcase name="TC_14_testVerifyCalendarNavVisibility" time="2.220" classname="com.qa.mobileapp.tests.DashboardTests"/>
  <testcase name="TC_16_testVerifyPaymentNavVisibility" time="2.231" classname="com.qa.mobileapp.tests.DashboardTests"/>
  <testcase name="TC_22_testVerifyReportNavVisibility" time="6.257" classname="com.qa.mobileapp.tests.DashboardTests"/>
  <testcase name="TC_30_testVerifyFeedbackNavVisibility" time="6.212" classname="com.qa.mobileapp.tests.DashboardTests"/>
  <testcase name="TC_29_testVerifyOnTapReferPatientNavReferAPatientScreenVisibility" time="9.440" classname="com.qa.mobileapp.tests.DashboardTests"/>
  <testcase name="TC_33_testVerifyOnTapLogoutNavLogoutScreenVisibility" time="8.370" classname="com.qa.mobileapp.tests.DashboardTests"/>
  <testcase name="TC_31_testVerifyOnTapFeedbackNavFeedbackScreenVisibility" time="9.343" classname="com.qa.mobileapp.tests.DashboardTests"/>
  <testcase name="TC_12_testVerifyPatientNavVisibility" time="2.336" classname="com.qa.mobileapp.tests.DashboardTests"/>
  <testcase name="TC_13_testVerifyOnTapPatientNavPatientScreenVisibility" time="4.487" classname="com.qa.mobileapp.tests.DashboardTests"/>
  <testcase name="TC_27_testVerifyOnTapAlertsNavAlertsScreenVisibility" time="4.642" classname="com.qa.mobileapp.tests.DashboardTests"/>
</testsuite>
