<?xml version="1.0" encoding="UTF-8"?>
<!-- Generated by org.testng.reporters.JUnitReportReporter -->
<testsuite hostname="sapna-testlead" name="com.qa.mobileapp.tests.CalendarTests" tests="6" failures="0" timestamp="1 May 2016 22:38:39 GMT" time="43.242" errors="0">
  <testcase name="TC05testVerifyappointmentdetailsVisiblity" time="5.449" classname="com.qa.mobileapp.tests.CalendarTests"/>
  <testcase name="TC01testVerifyCalendarScreenVisiblity" time="2.595" classname="com.qa.mobileapp.tests.CalendarTests"/>
  <testcase name="TC02testVerifyPreviousSliderbuttonVisiblity" time="10.121" classname="com.qa.mobileapp.tests.CalendarTests"/>
  <testcase name="TC03testVerifysaveCheckButtonOnCalendarScreenVisiblity" time="4.564" classname="com.qa.mobileapp.tests.CalendarTests"/>
  <testcase name="TC02testVerifyNextsliderButtonvisiblity" time="9.761" classname="com.qa.mobileapp.tests.CalendarTests"/>
  <testcase name="TC08testVerifyHomeBackButtonOnCalendarScreenVisiblity" time="10.752" classname="com.qa.mobileapp.tests.CalendarTests"/>
</testsuite>
