<?xml version="1.0" encoding="UTF-8"?>
<!-- Generated by org.testng.reporters.JUnitReportReporter -->
<testsuite hostname="sapna-testlead" name="com.qa.mobileapp.tests.ReferPatientTests" tests="4" failures="0" timestamp="1 May 2016 22:38:39 GMT" time="38.696" errors="0">
  <testcase name="tc_03_testVerifyPatientDetailsSubmittion" time="10.453" classname="com.qa.mobileapp.tests.ReferPatientTests"/>
  <testcase name="tc_02_testVerifyPatientDetailsPage" time="10.721" classname="com.qa.mobileapp.tests.ReferPatientTests"/>
  <testcase name="tc_04_testCancelOptionOnPatientPage" time="10.091" classname="com.qa.mobileapp.tests.ReferPatientTests"/>
  <testcase name="tc_03_testVerifyReferPatientOnSideMenu" time="7.431" classname="com.qa.mobileapp.tests.ReferPatientTests"/>
</testsuite>
