<?xml version="1.0" encoding="UTF-8"?>
<!-- Generated by org.testng.reporters.JUnitReportReporter -->
<testsuite hostname="sapna-testlead" name="com.qa.mobileapp.tests.PaymentTests" tests="9" failures="0" timestamp="29 Apr 2016 21:53:18 GMT" time="55.465" errors="0">
  <testcase name="TC_08_testVerifyOnClickDepositButtonDepositScreenVisiblity" time="9.391" classname="com.qa.mobileapp.tests.PaymentTests"/>
  <testcase name="TC_04_testVerifyAmountTypeUserAndDateFieldVisibiltyOnCashInHandTab" time="4.462" classname="com.qa.mobileapp.tests.PaymentTests"/>
  <testcase name="TC_01_testVerifyPaymentScreenVisiblity" time="4.529" classname="com.qa.mobileapp.tests.PaymentTests"/>
  <testcase name="TC_03_testVerifyRefreshButtonVisiblity" time="4.440" classname="com.qa.mobileapp.tests.PaymentTests"/>
  <testcase name="TC_07_testVerifyBranchCityAndNotesFieldVisiblityOnDepositScreen" time="9.625" classname="com.qa.mobileapp.tests.PaymentTests"/>
  <testcase name="TC_02_testVerifyCashInHandANDDepositedTabVisiblity" time="4.461" classname="com.qa.mobileapp.tests.PaymentTests"/>
  <testcase name="TC_09_testVerifyDepositButtonVisiblityOnDepositScreen" time="9.311" classname="com.qa.mobileapp.tests.PaymentTests"/>
  <testcase name="TC_06_testVerifyDepositButtonVisiblityOnSelectingCheckBox" time="4.765" classname="com.qa.mobileapp.tests.PaymentTests"/>
  <testcase name="TC_05_testVerifyCheckBoxOnCashInHandTab" time="4.481" classname="com.qa.mobileapp.tests.PaymentTests"/>
</testsuite>
