<?xml version="1.0" encoding="UTF-8"?>
<!-- Generated by org.testng.reporters.JUnitReportReporter -->
<testsuite hostname="sapna-testlead" name="com.qa.mobileapp.tests.LoginTests" tests="4" failures="0" timestamp="28 Apr 2016 04:55:03 GMT" time="352.143" errors="0">
  <testcase name="TS_01_testVerifyLoginAsLOngTermNursing" time="87.315" classname="com.qa.mobileapp.tests.LoginTests"/>
  <testcase name="TS_01_testVerifyLoginAsPhlebotomists" time="84.133" classname="com.qa.mobileapp.tests.LoginTests"/>
  <testcase name="TS_01_testVerifyLoginSuccessfully" time="90.725" classname="com.qa.mobileapp.tests.LoginTests"/>
  <testcase name="TS_01_testVerifyLoginAsShortTermNursing" time="89.970" classname="com.qa.mobileapp.tests.LoginTests"/>
</testsuite>
